1737114121.777818 client started (20738): version 3.5a, socket /private/tmp/tmux-501/default, protocol 8
1737114121.777869 on Darwin 24.2.0 Darwin Kernel Version 24.2.0: Fri Dec  6 18:40:14 PST 2024; root:xnu-11215.61.5~2/RELEASE_ARM64_T8103
1737114121.777886 using libevent 2.1.12-stable select
1737114121.778113 using utf8proc 2.9.0
1737114121.778124 using ncurses 6.5 20240427
1737114121.778142 flags are 0x18010000
1737114121.778149 socket is /private/tmp/tmux-501/default
1737114121.778162 trying connect
1737114121.778178 connect failed: Connection refused
1737114121.778200 lock file is /private/tmp/tmux-501/default.lock
1737114121.778527 flock succeeded
1737114121.778535 got lock (6)
1737114121.778543 trying connect
1737114121.778553 connect failed: Connection refused
1737114121.779081 add peer 0x130008000: 7 (0x0)
1737114121.782489 sending message 111 to peer 0x130008000 (8 bytes)
1737114121.782504 sending message 111 to peer 0x130008000 (8 bytes)
1737114121.782514 sending message 101 to peer 0x130008000 (14 bytes)
1737114121.782523 sending message 109 to peer 0x130008000 (4 bytes)
1737114121.782531 sending message 102 to peer 0x130008000 (13 bytes)
1737114121.782540 sending message 108 to peer 0x130008000 (40 bytes)
1737114121.782549 sending message 112 to peer 0x130008000 (70 bytes)
1737114121.782557 sending message 112 to peer 0x130008000 (5 bytes)
1737114121.782565 sending message 112 to peer 0x130008000 (5 bytes)
1737114121.782573 sending message 112 to peer 0x130008000 (6 bytes)
1737114121.782580 sending message 112 to peer 0x130008000 (6 bytes)
1737114121.782588 sending message 112 to peer 0x130008000 (11 bytes)
1737114121.782596 sending message 112 to peer 0x130008000 (10 bytes)
1737114121.782604 sending message 112 to peer 0x130008000 (13 bytes)
1737114121.782613 sending message 112 to peer 0x130008000 (14 bytes)
1737114121.782621 sending message 112 to peer 0x130008000 (9 bytes)
1737114121.782629 sending message 112 to peer 0x130008000 (21 bytes)
1737114121.782637 sending message 112 to peer 0x130008000 (19 bytes)
1737114121.782645 sending message 112 to peer 0x130008000 (11 bytes)
1737114121.782653 sending message 112 to peer 0x130008000 (21 bytes)
1737114121.782660 sending message 112 to peer 0x130008000 (13 bytes)
1737114121.782669 sending message 112 to peer 0x130008000 (7 bytes)
1737114121.782677 sending message 112 to peer 0x130008000 (13 bytes)
1737114121.782684 sending message 112 to peer 0x130008000 (7 bytes)
1737114121.782693 sending message 112 to peer 0x130008000 (13 bytes)
1737114121.782701 sending message 112 to peer 0x130008000 (9 bytes)
1737114121.782709 sending message 112 to peer 0x130008000 (21 bytes)
1737114121.782717 sending message 112 to peer 0x130008000 (13 bytes)
1737114121.782725 sending message 112 to peer 0x130008000 (9 bytes)
1737114121.782733 sending message 112 to peer 0x130008000 (16 bytes)
1737114121.782741 sending message 112 to peer 0x130008000 (13 bytes)
1737114121.782749 sending message 112 to peer 0x130008000 (9 bytes)
1737114121.782757 sending message 112 to peer 0x130008000 (9 bytes)
1737114121.782765 sending message 112 to peer 0x130008000 (12 bytes)
1737114121.782772 sending message 112 to peer 0x130008000 (8 bytes)
1737114121.782780 sending message 112 to peer 0x130008000 (12 bytes)
1737114121.782787 sending message 112 to peer 0x130008000 (8 bytes)
1737114121.782795 sending message 112 to peer 0x130008000 (13 bytes)
1737114121.782803 sending message 112 to peer 0x130008000 (7 bytes)
1737114121.782811 sending message 112 to peer 0x130008000 (7 bytes)
1737114121.782819 sending message 112 to peer 0x130008000 (9 bytes)
1737114121.782826 sending message 112 to peer 0x130008000 (12 bytes)
1737114121.782833 sending message 112 to peer 0x130008000 (6 bytes)
1737114121.782840 sending message 112 to peer 0x130008000 (9 bytes)
1737114121.782849 sending message 112 to peer 0x130008000 (15 bytes)
1737114121.782857 sending message 112 to peer 0x130008000 (13 bytes)
1737114121.782865 sending message 112 to peer 0x130008000 (9 bytes)
1737114121.782873 sending message 112 to peer 0x130008000 (12 bytes)
1737114121.782895 sending message 112 to peer 0x130008000 (8 bytes)
1737114121.782901 sending message 112 to peer 0x130008000 (14 bytes)
1737114121.782907 sending message 112 to peer 0x130008000 (11 bytes)
1737114121.782913 sending message 112 to peer 0x130008000 (9 bytes)
1737114121.782920 sending message 112 to peer 0x130008000 (10 bytes)
1737114121.782925 sending message 112 to peer 0x130008000 (10 bytes)
1737114121.782931 sending message 112 to peer 0x130008000 (10 bytes)
1737114121.782937 sending message 112 to peer 0x130008000 (10 bytes)
1737114121.782942 sending message 112 to peer 0x130008000 (11 bytes)
1737114121.782948 sending message 112 to peer 0x130008000 (12 bytes)
1737114121.782954 sending message 112 to peer 0x130008000 (12 bytes)
1737114121.782961 sending message 112 to peer 0x130008000 (12 bytes)
1737114121.782965 sending message 112 to peer 0x130008000 (12 bytes)
1737114121.782971 sending message 112 to peer 0x130008000 (12 bytes)
1737114121.782977 sending message 112 to peer 0x130008000 (11 bytes)
1737114121.782983 sending message 112 to peer 0x130008000 (11 bytes)
1737114121.782989 sending message 112 to peer 0x130008000 (12 bytes)
1737114121.782995 sending message 112 to peer 0x130008000 (12 bytes)
1737114121.783000 sending message 112 to peer 0x130008000 (12 bytes)
1737114121.783007 sending message 112 to peer 0x130008000 (12 bytes)
1737114121.783012 sending message 112 to peer 0x130008000 (12 bytes)
1737114121.783017 sending message 112 to peer 0x130008000 (9 bytes)
1737114121.783022 sending message 112 to peer 0x130008000 (12 bytes)
1737114121.783028 sending message 112 to peer 0x130008000 (13 bytes)
1737114121.783033 sending message 112 to peer 0x130008000 (13 bytes)
1737114121.783038 sending message 112 to peer 0x130008000 (13 bytes)
1737114121.783044 sending message 112 to peer 0x130008000 (13 bytes)
1737114121.783048 sending message 112 to peer 0x130008000 (13 bytes)
1737114121.783053 sending message 112 to peer 0x130008000 (8 bytes)
1737114121.783057 sending message 112 to peer 0x130008000 (11 bytes)
1737114121.783061 sending message 112 to peer 0x130008000 (11 bytes)
1737114121.783066 sending message 112 to peer 0x130008000 (11 bytes)
1737114121.783072 sending message 112 to peer 0x130008000 (12 bytes)
1737114121.783078 sending message 112 to peer 0x130008000 (12 bytes)
1737114121.783084 sending message 112 to peer 0x130008000 (12 bytes)
1737114121.783091 sending message 112 to peer 0x130008000 (12 bytes)
1737114121.783096 sending message 112 to peer 0x130008000 (13 bytes)
1737114121.783102 sending message 112 to peer 0x130008000 (13 bytes)
1737114121.783108 sending message 112 to peer 0x130008000 (13 bytes)
1737114121.783113 sending message 112 to peer 0x130008000 (8 bytes)
1737114121.783119 sending message 112 to peer 0x130008000 (13 bytes)
1737114121.783125 sending message 112 to peer 0x130008000 (13 bytes)
1737114121.783131 sending message 112 to peer 0x130008000 (13 bytes)
1737114121.783137 sending message 112 to peer 0x130008000 (13 bytes)
1737114121.783143 sending message 112 to peer 0x130008000 (13 bytes)
1737114121.783148 sending message 112 to peer 0x130008000 (12 bytes)
1737114121.783154 sending message 112 to peer 0x130008000 (12 bytes)
1737114121.783160 sending message 112 to peer 0x130008000 (12 bytes)
1737114121.783166 sending message 112 to peer 0x130008000 (12 bytes)
1737114121.783172 sending message 112 to peer 0x130008000 (13 bytes)
1737114121.783178 sending message 112 to peer 0x130008000 (8 bytes)
1737114121.783184 sending message 112 to peer 0x130008000 (13 bytes)
1737114121.783191 sending message 112 to peer 0x130008000 (13 bytes)
1737114121.783198 sending message 112 to peer 0x130008000 (13 bytes)
1737114121.783204 sending message 112 to peer 0x130008000 (13 bytes)
1737114121.783210 sending message 112 to peer 0x130008000 (13 bytes)
1737114121.783217 sending message 112 to peer 0x130008000 (13 bytes)
1737114121.783222 sending message 112 to peer 0x130008000 (13 bytes)
1737114121.783228 sending message 112 to peer 0x130008000 (12 bytes)
1737114121.783233 sending message 112 to peer 0x130008000 (12 bytes)
1737114121.783247 sending message 112 to peer 0x130008000 (12 bytes)
1737114121.783253 sending message 112 to peer 0x130008000 (8 bytes)
1737114121.783259 sending message 112 to peer 0x130008000 (12 bytes)
1737114121.783265 sending message 112 to peer 0x130008000 (13 bytes)
1737114121.783270 sending message 112 to peer 0x130008000 (13 bytes)
1737114121.783276 sending message 112 to peer 0x130008000 (13 bytes)
1737114121.783283 sending message 112 to peer 0x130008000 (13 bytes)
1737114121.783289 sending message 112 to peer 0x130008000 (13 bytes)
1737114121.783294 sending message 112 to peer 0x130008000 (13 bytes)
1737114121.783300 sending message 112 to peer 0x130008000 (13 bytes)
1737114121.783306 sending message 112 to peer 0x130008000 (13 bytes)
1737114121.783312 sending message 112 to peer 0x130008000 (12 bytes)
1737114121.783317 sending message 112 to peer 0x130008000 (10 bytes)
1737114121.783323 sending message 112 to peer 0x130008000 (12 bytes)
1737114121.783329 sending message 112 to peer 0x130008000 (12 bytes)
1737114121.783334 sending message 112 to peer 0x130008000 (12 bytes)
1737114121.783340 sending message 112 to peer 0x130008000 (13 bytes)
1737114121.783347 sending message 112 to peer 0x130008000 (13 bytes)
1737114121.783352 sending message 112 to peer 0x130008000 (13 bytes)
1737114121.783356 sending message 112 to peer 0x130008000 (13 bytes)
1737114121.783362 sending message 112 to peer 0x130008000 (13 bytes)
1737114121.783368 sending message 112 to peer 0x130008000 (13 bytes)
1737114121.783374 sending message 112 to peer 0x130008000 (13 bytes)
1737114121.783380 sending message 112 to peer 0x130008000 (10 bytes)
1737114121.783386 sending message 112 to peer 0x130008000 (13 bytes)
1737114121.783393 sending message 112 to peer 0x130008000 (12 bytes)
1737114121.783397 sending message 112 to peer 0x130008000 (12 bytes)
1737114121.783404 sending message 112 to peer 0x130008000 (12 bytes)
1737114121.783409 sending message 112 to peer 0x130008000 (10 bytes)
1737114121.783413 sending message 112 to peer 0x130008000 (10 bytes)
1737114121.783417 sending message 112 to peer 0x130008000 (10 bytes)
1737114121.783424 sending message 112 to peer 0x130008000 (12 bytes)
1737114121.783428 sending message 112 to peer 0x130008000 (13 bytes)
1737114121.783434 sending message 112 to peer 0x130008000 (13 bytes)
1737114121.783440 sending message 112 to peer 0x130008000 (13 bytes)
1737114121.783447 sending message 112 to peer 0x130008000 (13 bytes)
1737114121.783453 sending message 112 to peer 0x130008000 (13 bytes)
1737114121.783458 sending message 112 to peer 0x130008000 (10 bytes)
1737114121.783463 sending message 112 to peer 0x130008000 (11 bytes)
1737114121.783469 sending message 112 to peer 0x130008000 (12 bytes)
1737114121.783475 sending message 112 to peer 0x130008000 (12 bytes)
1737114121.783481 sending message 112 to peer 0x130008000 (12 bytes)
1737114121.783487 sending message 112 to peer 0x130008000 (12 bytes)
1737114121.783492 sending message 112 to peer 0x130008000 (12 bytes)
1737114121.783498 sending message 112 to peer 0x130008000 (11 bytes)
1737114121.783504 sending message 112 to peer 0x130008000 (12 bytes)
1737114121.783510 sending message 112 to peer 0x130008000 (12 bytes)
1737114121.783515 sending message 112 to peer 0x130008000 (13 bytes)
1737114121.783521 sending message 112 to peer 0x130008000 (13 bytes)
1737114121.783527 sending message 112 to peer 0x130008000 (13 bytes)
1737114121.783533 sending message 112 to peer 0x130008000 (13 bytes)
1737114121.783539 sending message 112 to peer 0x130008000 (13 bytes)
1737114121.783546 sending message 112 to peer 0x130008000 (10 bytes)
1737114121.783552 sending message 112 to peer 0x130008000 (9 bytes)
1737114121.783558 sending message 112 to peer 0x130008000 (12 bytes)
1737114121.783563 sending message 112 to peer 0x130008000 (13 bytes)
1737114121.783569 sending message 112 to peer 0x130008000 (13 bytes)
1737114121.783575 sending message 112 to peer 0x130008000 (13 bytes)
1737114121.783581 sending message 112 to peer 0x130008000 (13 bytes)
1737114121.783595 sending message 112 to peer 0x130008000 (13 bytes)
1737114121.783602 sending message 112 to peer 0x130008000 (9 bytes)
1737114121.783608 sending message 112 to peer 0x130008000 (12 bytes)
1737114121.783616 sending message 112 to peer 0x130008000 (13 bytes)
1737114121.783623 sending message 112 to peer 0x130008000 (13 bytes)
1737114121.783630 sending message 112 to peer 0x130008000 (13 bytes)
1737114121.783637 sending message 112 to peer 0x130008000 (13 bytes)
1737114121.783642 sending message 112 to peer 0x130008000 (13 bytes)
1737114121.783648 sending message 112 to peer 0x130008000 (11 bytes)
1737114121.783652 sending message 112 to peer 0x130008000 (12 bytes)
1737114121.783656 sending message 112 to peer 0x130008000 (13 bytes)
1737114121.783662 sending message 112 to peer 0x130008000 (13 bytes)
1737114121.783667 sending message 112 to peer 0x130008000 (13 bytes)
1737114121.783673 sending message 112 to peer 0x130008000 (13 bytes)
1737114121.783678 sending message 112 to peer 0x130008000 (13 bytes)
1737114121.783684 sending message 112 to peer 0x130008000 (11 bytes)
1737114121.783690 sending message 112 to peer 0x130008000 (12 bytes)
1737114121.783696 sending message 112 to peer 0x130008000 (12 bytes)
1737114121.783701 sending message 112 to peer 0x130008000 (12 bytes)
1737114121.783708 sending message 112 to peer 0x130008000 (12 bytes)
1737114121.783714 sending message 112 to peer 0x130008000 (12 bytes)
1737114121.783721 sending message 112 to peer 0x130008000 (21 bytes)
1737114121.783727 sending message 112 to peer 0x130008000 (12 bytes)
1737114121.783733 sending message 112 to peer 0x130008000 (9 bytes)
1737114121.783740 sending message 112 to peer 0x130008000 (6 bytes)
1737114121.783744 sending message 112 to peer 0x130008000 (13 bytes)
1737114121.783750 sending message 112 to peer 0x130008000 (10 bytes)
1737114121.783756 sending message 112 to peer 0x130008000 (15 bytes)
1737114121.783762 sending message 112 to peer 0x130008000 (13 bytes)
1737114121.783768 sending message 112 to peer 0x130008000 (9 bytes)
1737114121.783774 sending message 112 to peer 0x130008000 (70 bytes)
1737114121.783780 sending message 112 to peer 0x130008000 (69 bytes)
1737114121.783787 sending message 112 to peer 0x130008000 (34 bytes)
1737114121.783794 sending message 112 to peer 0x130008000 (34 bytes)
1737114121.783799 sending message 112 to peer 0x130008000 (70 bytes)
1737114121.783804 sending message 112 to peer 0x130008000 (12 bytes)
1737114121.783810 sending message 112 to peer 0x130008000 (10 bytes)
1737114121.783816 sending message 112 to peer 0x130008000 (10 bytes)
1737114121.783822 sending message 112 to peer 0x130008000 (15 bytes)
1737114121.783829 sending message 112 to peer 0x130008000 (13 bytes)
1737114121.783835 sending message 112 to peer 0x130008000 (10 bytes)
1737114121.783840 sending message 112 to peer 0x130008000 (10 bytes)
1737114121.783846 sending message 112 to peer 0x130008000 (17 bytes)
1737114121.783852 sending message 112 to peer 0x130008000 (10 bytes)
1737114121.783858 sending message 112 to peer 0x130008000 (13 bytes)
1737114121.783863 sending message 112 to peer 0x130008000 (32 bytes)
1737114121.783869 sending message 112 to peer 0x130008000 (5 bytes)
1737114121.783874 sending message 112 to peer 0x130008000 (9 bytes)
1737114121.783880 sending message 112 to peer 0x130008000 (15 bytes)
1737114121.783887 sending message 112 to peer 0x130008000 (5 bytes)
1737114121.783895 sending message 104 to peer 0x130008000 (0 bytes)
1737114121.783902 sending message 110 to peer 0x130008000 (0 bytes)
1737114121.783908 sending message 107 to peer 0x130008000 (4 bytes)
1737114121.783914 sending message 105 to peer 0x130008000 (162 bytes)
1737114121.783918 sending message 105 to peer 0x130008000 (75 bytes)
1737114121.783924 sending message 105 to peer 0x130008000 (21 bytes)
1737114121.783928 sending message 105 to peer 0x130008000 (15 bytes)
1737114121.783933 sending message 105 to peer 0x130008000 (19 bytes)
1737114121.783937 sending message 105 to peer 0x130008000 (57 bytes)
1737114121.783943 sending message 105 to peer 0x130008000 (27 bytes)
1737114121.783961 sending message 105 to peer 0x130008000 (16 bytes)
1737114121.783968 sending message 105 to peer 0x130008000 (22 bytes)
1737114121.783974 sending message 105 to peer 0x130008000 (66 bytes)
1737114121.783981 sending message 105 to peer 0x130008000 (32 bytes)
1737114121.783987 sending message 105 to peer 0x130008000 (689 bytes)
1737114121.783993 sending message 105 to peer 0x130008000 (43 bytes)
1737114121.783999 sending message 105 to peer 0x130008000 (44 bytes)
1737114121.784004 sending message 105 to peer 0x130008000 (17 bytes)
1737114121.784010 sending message 105 to peer 0x130008000 (14 bytes)
1737114121.784016 sending message 105 to peer 0x130008000 (19 bytes)
1737114121.784022 sending message 105 to peer 0x130008000 (8 bytes)
1737114121.784028 sending message 105 to peer 0x130008000 (23 bytes)
1737114121.784035 sending message 105 to peer 0x130008000 (63 bytes)
1737114121.784042 sending message 105 to peer 0x130008000 (36 bytes)
1737114121.784049 sending message 105 to peer 0x130008000 (19 bytes)
1737114121.784056 sending message 105 to peer 0x130008000 (98 bytes)
1737114121.784061 sending message 105 to peer 0x130008000 (57 bytes)
1737114121.784067 sending message 105 to peer 0x130008000 (20 bytes)
1737114121.784073 sending message 105 to peer 0x130008000 (25 bytes)
1737114121.784084 sending message 105 to peer 0x130008000 (30 bytes)
1737114121.784091 sending message 105 to peer 0x130008000 (37 bytes)
1737114121.784098 sending message 105 to peer 0x130008000 (34 bytes)
1737114121.784105 sending message 105 to peer 0x130008000 (35 bytes)
1737114121.784112 sending message 105 to peer 0x130008000 (33 bytes)
1737114121.784118 sending message 105 to peer 0x130008000 (19 bytes)
1737114121.784124 sending message 105 to peer 0x130008000 (66 bytes)
1737114121.784129 sending message 105 to peer 0x130008000 (11 bytes)
1737114121.784135 sending message 105 to peer 0x130008000 (8 bytes)
1737114121.784141 sending message 105 to peer 0x130008000 (32 bytes)
1737114121.784147 sending message 105 to peer 0x130008000 (96 bytes)
1737114121.784153 sending message 105 to peer 0x130008000 (21 bytes)
1737114121.784159 sending message 105 to peer 0x130008000 (35 bytes)
1737114121.784164 sending message 105 to peer 0x130008000 (31 bytes)
1737114121.784171 sending message 105 to peer 0x130008000 (16 bytes)
1737114121.784178 sending message 105 to peer 0x130008000 (58 bytes)
1737114121.784185 sending message 105 to peer 0x130008000 (67 bytes)
1737114121.784189 sending message 105 to peer 0x130008000 (19 bytes)
1737114121.784195 sending message 105 to peer 0x130008000 (38 bytes)
1737114121.784201 sending message 105 to peer 0x130008000 (25 bytes)
1737114121.784207 sending message 106 to peer 0x130008000 (0 bytes)
1737114121.784275 sending message 200 to peer 0x130008000 (4 bytes)
1737114121.784282 client loop enter
1737114121.784304 client_signal: Child exited: 20
1737114121.863929 peer 0x130008000 message 207
1737114121.863937 sending message 208 to peer 0x130008000 (0 bytes)
1737114128.746657 peer 0x130008000 message 203
1737114128.746832 sending message 205 to peer 0x130008000 (0 bytes)
1737114128.747098 peer 0x130008000 message 204
1737114128.747119 client loop exit
